2024-11-30 15:29:43.895 UTC [191413] LOG:  starting PostgreSQL 16.4 on x86_64-pc-linux-gnu, compiled by gcc (GCC) 13.3.0, 64-bit
2024-11-30 15:29:43.896 UTC [191413] LOG:  listening on IPv4 address "127.0.0.1", port 5432
2024-11-30 15:29:43.907 UTC [191413] LOG:  listening on Unix socket "/home/rhemsuda/code/haskell/examples/dbserialization/pgdata/run/.s.PGSQL.5432"
2024-11-30 15:29:43.919 UTC [191416] LOG:  database system was shut down at 2024-11-30 15:29:43 UTC
2024-11-30 15:29:43.927 UTC [191413] LOG:  database system is ready to accept connections
2024-11-30 15:29:44.048 UTC [191433] FATAL:  database "rhemsuda" does not exist
2024-11-30 15:29:44.081 UTC [191436] FATAL:  role "postgres" does not exist
2024-11-30 15:29:44.128 UTC [191440] FATAL:  role "postgres" does not exist
2024-11-30 15:29:44.144 UTC [191442] FATAL:  role "postgres" does not exist
2024-11-30 15:33:20.665 UTC [191984] FATAL:  lock file "postmaster.pid" already exists
2024-11-30 15:33:20.665 UTC [191984] HINT:  Is another postmaster (PID 191413) running in data directory "/home/rhemsuda/code/haskell/examples/dbserialization/pgdata"?
2024-11-30 15:33:20.744 UTC [191986] FATAL:  database "rhemsuda" does not exist
2024-11-30 15:34:06.518 UTC [191413] LOG:  received fast shutdown request
2024-11-30 15:34:06.521 UTC [191413] LOG:  aborting any active transactions
2024-11-30 15:34:06.524 UTC [191413] LOG:  background worker "logical replication launcher" (PID 191419) exited with exit code 1
2024-11-30 15:34:06.524 UTC [191414] LOG:  shutting down
2024-11-30 15:34:06.527 UTC [191414] LOG:  checkpoint starting: shutdown immediate
2024-11-30 15:34:06.689 UTC [191414] LOG:  checkpoint complete: wrote 982 buffers (6.0%); 0 WAL file(s) added, 0 removed, 0 recycled; write=0.058 s, sync=0.087 s, total=0.164 s; sync files=317, longest=0.004 s, average=0.001 s; distance=4542 kB, estimate=4542 kB; lsn=0/195EBD8, redo lsn=0/195EBD8
2024-11-30 15:34:06.702 UTC [191413] LOG:  database system is shut down
2024-11-30 15:38:42.778 UTC [193345] LOG:  starting PostgreSQL 16.4 on x86_64-pc-linux-gnu, compiled by gcc (GCC) 13.3.0, 64-bit
2024-11-30 15:38:42.778 UTC [193345] LOG:  listening on IPv4 address "127.0.0.1", port 5432
2024-11-30 15:38:42.783 UTC [193345] LOG:  listening on Unix socket "/home/rhemsuda/code/haskell/examples/dbserialization/pgdata/run/.s.PGSQL.5432"
2024-11-30 15:38:42.792 UTC [193348] LOG:  database system was shut down at 2024-11-30 15:34:06 UTC
2024-11-30 15:38:42.801 UTC [193345] LOG:  database system is ready to accept connections
2024-11-30 15:38:42.823 UTC [193353] FATAL:  database "rhemsuda" does not exist
2024-11-30 15:39:43.026 UTC [193346] LOG:  checkpoint starting: immediate force wait
2024-11-30 15:39:43.055 UTC [193346] LOG:  checkpoint complete: wrote 6 buffers (0.0%); 0 WAL file(s) added, 0 removed, 0 recycled; write=0.008 s, sync=0.008 s, total=0.030 s; sync files=5, longest=0.004 s, average=0.002 s; distance=1 kB, estimate=1 kB; lsn=0/195F0A0, redo lsn=0/195F068
2024-11-30 15:39:52.204 UTC [193345] LOG:  received fast shutdown request
2024-11-30 15:39:52.209 UTC [193345] LOG:  aborting any active transactions
2024-11-30 15:39:52.209 UTC [193488] FATAL:  terminating connection due to administrator command
2024-11-30 15:39:52.211 UTC [193345] LOG:  background worker "logical replication launcher" (PID 193351) exited with exit code 1
2024-11-30 15:39:52.212 UTC [193346] LOG:  shutting down
2024-11-30 15:39:52.216 UTC [193346] LOG:  checkpoint starting: shutdown immediate
2024-11-30 15:39:52.239 UTC [193346] LOG:  checkpoint complete: wrote 2 buffers (0.0%); 0 WAL file(s) added, 0 removed, 0 recycled; write=0.003 s, sync=0.004 s, total=0.027 s; sync files=2, longest=0.003 s, average=0.002 s; distance=0 kB, estimate=1 kB; lsn=0/195F1F0, redo lsn=0/195F1F0
2024-11-30 15:39:52.247 UTC [193345] LOG:  database system is shut down
2024-11-30 15:44:26.909 UTC [194120] LOG:  starting PostgreSQL 16.4 on x86_64-pc-linux-gnu, compiled by gcc (GCC) 13.3.0, 64-bit
2024-11-30 15:44:26.909 UTC [194120] LOG:  listening on IPv4 address "127.0.0.1", port 5432
2024-11-30 15:44:26.915 UTC [194120] LOG:  listening on Unix socket "/home/rhemsuda/code/haskell/examples/dbserialization/pgdata/run/.s.PGSQL.5432"
2024-11-30 15:44:26.923 UTC [194123] LOG:  database system was shut down at 2024-11-30 15:39:52 UTC
2024-11-30 15:44:26.932 UTC [194120] LOG:  database system is ready to accept connections
2024-11-30 15:44:27.044 UTC [194130] FATAL:  database "rhemsuda" does not exist
2024-11-30 15:49:59.274 UTC [194121] LOG:  checkpoint starting: time
2024-11-30 15:51:43.705 UTC [194121] LOG:  checkpoint complete: wrote 935 buffers (5.7%); 1 WAL file(s) added, 0 removed, 0 recycled; write=104.218 s, sync=0.138 s, total=104.435 s; sync files=304, longest=0.005 s, average=0.001 s; distance=4278 kB, estimate=4278 kB; lsn=0/1D8CC78, redo lsn=0/1D8CC40
2024-11-30 16:23:09.999 UTC [194121] LOG:  checkpoint starting: time
2024-11-30 16:23:15.905 UTC [194121] LOG:  checkpoint complete: wrote 59 buffers (0.4%); 0 WAL file(s) added, 0 removed, 0 recycled; write=5.852 s, sync=0.029 s, total=5.907 s; sync files=49, longest=0.013 s, average=0.001 s; distance=215 kB, estimate=3872 kB; lsn=0/1DC2BE8, redo lsn=0/1DC2BB0
2024-11-30 16:34:14.509 UTC [194121] LOG:  checkpoint starting: time
2024-11-30 16:34:15.895 UTC [194121] LOG:  checkpoint complete: wrote 14 buffers (0.1%); 0 WAL file(s) added, 0 removed, 0 recycled; write=1.310 s, sync=0.058 s, total=1.386 s; sync files=10, longest=0.033 s, average=0.006 s; distance=2 kB, estimate=3485 kB; lsn=0/1DC3450, redo lsn=0/1DC3418
2024-11-30 17:28:49.419 UTC [206370] FATAL:  lock file "postmaster.pid" already exists
2024-11-30 17:28:49.419 UTC [206370] HINT:  Is another postmaster (PID 194120) running in data directory "/home/rhemsuda/code/haskell/examples/dbserialization/pgdata"?
2024-11-30 17:28:49.504 UTC [206372] FATAL:  database "rhemsuda" does not exist
2024-11-30 17:29:51.110 UTC [194121] LOG:  checkpoint starting: immediate force wait
2024-11-30 17:29:51.138 UTC [194121] LOG:  checkpoint complete: wrote 2 buffers (0.0%); 0 WAL file(s) added, 0 removed, 0 recycled; write=0.008 s, sync=0.004 s, total=0.028 s; sync files=2, longest=0.003 s, average=0.002 s; distance=1 kB, estimate=3136 kB; lsn=0/1DC39F0, redo lsn=0/1DC39B8
2024-11-30 17:29:59.466 UTC [206884] FATAL:  lock file "postmaster.pid" already exists
2024-11-30 17:29:59.466 UTC [206884] HINT:  Is another postmaster (PID 194120) running in data directory "/home/rhemsuda/code/haskell/examples/dbserialization/pgdata"?
2024-11-30 17:29:59.554 UTC [206886] FATAL:  database "rhemsuda" does not exist
2024-11-30 17:31:09.971 UTC [194121] LOG:  checkpoint starting: immediate force wait
2024-11-30 17:31:10.003 UTC [194121] LOG:  checkpoint complete: wrote 7 buffers (0.0%); 0 WAL file(s) added, 0 removed, 1 recycled; write=0.007 s, sync=0.007 s, total=0.033 s; sync files=7, longest=0.004 s, average=0.001 s; distance=4329 kB, estimate=4329 kB; lsn=0/21FDFB0, redo lsn=0/21FDF78
2024-11-30 17:32:07.107 UTC [207408] FATAL:  lock file "postmaster.pid" already exists
2024-11-30 17:32:07.107 UTC [207408] HINT:  Is another postmaster (PID 194120) running in data directory "/home/rhemsuda/code/haskell/examples/dbserialization/pgdata"?
2024-11-30 17:32:07.198 UTC [207410] FATAL:  database "rhemsuda" does not exist
2024-11-30 17:36:45.924 UTC [194121] LOG:  checkpoint starting: time
2024-11-30 17:38:32.358 UTC [194121] LOG:  checkpoint complete: wrote 957 buffers (5.8%); 0 WAL file(s) added, 0 removed, 0 recycled; write=106.321 s, sync=0.099 s, total=106.435 s; sync files=315, longest=0.003 s, average=0.001 s; distance=4335 kB, estimate=4335 kB; lsn=0/2639EC8, redo lsn=0/2639E90
